<?xml version="1.0" encoding="UTF-8"?>
<!-- Generated by org.testng.reporters.JUnitReportReporter -->
<testsuite hostname="Krishna" failures="0" tests="11" name="Tests.LoginTest" time="353.209" errors="0" timestamp="2024-05-26T18:38:03 IST" skipped="0">
  <testcase classname="Tests.LoginTest" name="login_With_Invalid_Creadentails" time="13.744"/>
  <testcase classname="Tests.LoginTest" name="verify_UI_Of_LoginPage" time="22.255"/>
  <testcase classname="Tests.LoginTest" name="checkBrokenLinks" time="179.334"/>
  <testcase classname="Tests.LoginTest" name="login_With_Valid_Credentials" time="17.976"/>
  <testcase classname="Tests.LoginTest" name="login_With_Invalid_Creadentails" time="13.737"/>
  <testcase classname="Tests.LoginTest" name="loginToApplicationUsingKeyboardKeys" time="27.554"/>
  <testcase classname="Tests.LoginTest" name="verifyPlaceHolders" time="15.352"/>
  <testcase classname="Tests.LoginTest" name="login_With_Invalid_Creadentails" time="15.563"/>
  <testcase classname="Tests.LoginTest" name="verify_Login_With_Back_Button" time="20.363"/>
  <testcase classname="Tests.LoginTest" name="login_With_Invalid_Creadentails" time="14.589"/>
  <testcase classname="Tests.LoginTest" name="login_With_Invalid_Creadentails" time="12.742"/>
</testsuite> <!-- Tests.LoginTest -->
