<?xml version="1.0" encoding="UTF-8"?>
<!-- Generated by org.testng.reporters.JUnitReportReporter -->
<testsuite hostname="Krishna" failures="0" tests="1" name="Tests.SignUpTest" time="145.486" errors="0" timestamp="2024-05-28T11:44:27 IST" skipped="0">
  <testcase classname="Tests.SignUpTest" name="checkBrokenLinks" time="145.486"/>
</testsuite> <!-- Tests.SignUpTest -->
