<?xml version="1.0" encoding="UTF-8"?>
<!-- Generated by org.testng.reporters.JUnitReportReporter -->
<testsuite hostname="Krishna" failures="0" tests="1" name="Tests.LogoutTest" time="15.844" errors="0" timestamp="2024-05-28T12:44:47 IST" skipped="0">
  <testcase classname="Tests.LogoutTest" name="logoutFromMyAccount" time="15.844"/>
</testsuite> <!-- Tests.LogoutTest -->
