<?xml version="1.0" encoding="UTF-8"?>
<!-- Generated by org.testng.reporters.JUnitReportReporter -->
<testsuite hostname="Krishna" failures="0" tests="1" name="Base.RSAcademy" time="17.312" errors="0" timestamp="2024-05-28T18:44:20 IST" skipped="0">
  <testcase classname="Base.RSAcademy" name="radioButtonTest" time="17.312"/>
</testsuite> <!-- Base.RSAcademy -->
