<?xml version="1.0" encoding="UTF-8"?>
<!-- Generated by org.testng.reporters.JUnitReportReporter -->
<testsuite hostname="Krishna" failures="0" tests="1" name="Tests.LogoutTest" time="13.581" errors="0" timestamp="2024-05-28T17:37:05 IST" skipped="0">
  <testcase classname="Tests.LogoutTest" name="logoutFromMyAccount" time="13.581"/>
</testsuite> <!-- Tests.LogoutTest -->
