<?xml version="1.0" encoding="UTF-8"?>
<!-- Generated by org.testng.reporters.JUnitReportReporter -->
<testsuite hostname="Krishna" failures="0" tests="11" name="Tests.LoginTest" time="241.753" errors="0" timestamp="2024-05-28T17:37:05 IST" skipped="0">
  <testcase classname="Tests.LoginTest" name="login_With_Invalid_Creadentails" time="13.884"/>
  <testcase classname="Tests.LoginTest" name="verify_UI_Of_LoginPage" time="11.842"/>
  <testcase classname="Tests.LoginTest" name="login_With_Valid_Credentials" time="10.959"/>
  <testcase classname="Tests.LoginTest" name="login_With_Invalid_Creadentails" time="10.754"/>
  <testcase classname="Tests.LoginTest" name="verifyPlaceHolders" time="11.509"/>
  <testcase classname="Tests.LoginTest" name="verify_Login_With_Back_Button" time="18.010"/>
  <testcase classname="Tests.LoginTest" name="checkBrokenLinks" time="103.788"/>
  <testcase classname="Tests.LoginTest" name="login_With_Invalid_Creadentails" time="12.253"/>
  <testcase classname="Tests.LoginTest" name="loginToApplicationUsingKeyboardKeys" time="23.259"/>
  <testcase classname="Tests.LoginTest" name="login_With_Invalid_Creadentails" time="13.972"/>
  <testcase classname="Tests.LoginTest" name="login_With_Invalid_Creadentails" time="11.523"/>
</testsuite> <!-- Tests.LoginTest -->
